2020-09-12T23:51:46+0530 <info> shovel2.js:1 () loading model account.js
2020-09-12T23:51:46+0530 <debug> orm.js:1 (e.value) sync schema { table: 'accounts',
  tableFields: 
   [ { name: 'address',
       type: 'String',
       length: 50,
       primary_key: true,
       not_null: true },
     { name: 'str1', type: 'String', length: 256, index: true },
     { name: 'str2', type: 'String', length: 256 },
     { name: 'str3', type: 'String', length: 256 },
     { name: 'str4', type: 'String', length: 256 },
     { name: 'str5', type: 'String', length: 256 },
     { name: 'num1', type: 'Number' },
     { name: 'num2', type: 'Number' },
     { name: 'num3', type: 'Number' },
     { name: 'num4', type: 'Number' },
     { name: 'num5', type: 'Number' },
     { name: 'bigint1', type: 'BigInt' },
     { name: 'bigint2', type: 'BigInt' },
     { name: 'bigint3', type: 'BigInt' },
     { name: 'bigint4', type: 'BigInt' },
     { name: 'bigint5', type: 'BigInt' },
     { name: 'text1', type: 'Text' },
     { name: 'text2', type: 'Text' },
     { name: 'text3', type: 'Text' },
     { name: 'text4', type: 'Text' },
     { name: 'text5', type: 'Text' } ],
  type: 'create' }
2020-09-12T23:51:46+0530 <info> shovel2.js:1 () loading model balance.js
2020-09-12T23:51:46+0530 <debug> orm.js:1 (e.value) sync schema { table: 'balances',
  tableFields: 
   [ { name: 'address',
       type: 'String',
       length: 50,
       not_null: true,
       index: true },
     { name: 'currency',
       type: 'String',
       length: 30,
       not_null: true,
       index: true },
     { name: 'balance', type: 'String', length: 50, not_null: true } ],
  type: 'create' }
2020-09-12T23:51:46+0530 <info> shovel2.js:1 () loading model block.js
2020-09-12T23:51:46+0530 <debug> orm.js:1 (e.value) sync schema { table: 'blocks',
  tableFields: 
   [ { name: 'id',
       type: 'String',
       length: 64,
       not_null: true,
       unique: true,
       primary_key: true },
     { name: 'timestamp', type: 'BigInt', not_null: true },
     { name: 'height', type: 'BigInt', not_null: true, index: true },
     { name: 'payloadLength', type: 'BigInt', not_null: true },
     { name: 'payloadHash',
       type: 'String',
       length: 64,
       not_null: true },
     { name: 'prevBlockId', type: 'String', length: 64 },
     { name: 'pointId', type: 'String', length: 64 },
     { name: 'pointHeight', type: 'BigInt' },
     { name: 'delegate',
       type: 'String',
       length: 64,
       not_null: true,
       index: true },
     { name: 'signature', type: 'String', length: 128, not_null: true },
     { name: 'count', type: 'BigInt', not_null: true } ],
  type: 'create' }
2020-09-12T23:51:46+0530 <info> shovel2.js:1 () loading model deposit.js
2020-09-12T23:51:46+0530 <debug> orm.js:1 (e.value) sync schema { table: 'deposits',
  tableFields: 
   [ { name: 'tid',
       type: 'String',
       length: 64,
       not_null: true,
       unique: true,
       primary_key: true },
     { name: 'srcId',
       type: 'String',
       length: 64,
       not_null: true,
       unique: true,
       index: true },
     { name: 'recipientId',
       type: 'String',
       length: 50,
       not_null: true,
       index: true },
     { name: 'currency',
       type: 'String',
       length: 30,
       not_null: true,
       index: true },
     { name: 'amount', type: 'String', length: 50, not_null: true } ],
  type: 'create' }
2020-09-12T23:51:46+0530 <info> shovel2.js:1 () loading model round-fee.js
2020-09-12T23:51:46+0530 <debug> orm.js:1 (e.value) sync schema { table: 'round_fees',
  tableFields: 
   [ { name: 'round', type: 'Number', not_null: true, index: true },
     { name: 'currency', type: 'String', length: 30, not_null: true },
     { name: 'amount', type: 'String', length: 50, not_null: true } ],
  type: 'create' }
2020-09-12T23:51:46+0530 <info> shovel2.js:1 () loading model transaction.js
2020-09-12T23:51:46+0530 <debug> orm.js:1 (e.value) sync schema { table: 'transactions',
  tableFields: 
   [ { name: 'id',
       type: 'String',
       length: 64,
       not_null: true,
       unique: true,
       primary_key: true },
     { name: 'timestamp', type: 'BigInt', not_null: true, index: true },
     { name: 'senderId',
       type: 'String',
       length: 50,
       not_null: true,
       index: true },
     { name: 'senderPublicKey',
       type: 'String',
       length: 64,
       not_null: true },
     { name: 'fee', type: 'String', length: 50, not_null: true },
     { name: 'signature', type: 'String', length: 128, not_null: true },
     { name: 'type', type: 'Number', not_null: true, index: true },
     { name: 'args', type: 'Text' },
     { name: 'height', type: 'BigInt', not_null: true, index: true } ],
  type: 'create' }
2020-09-12T23:51:46+0530 <info> shovel2.js:1 () loading model transfer.js
2020-09-12T23:51:46+0530 <debug> orm.js:1 (e.value) sync schema { table: 'transfers',
  tableFields: 
   [ { name: 'tid',
       type: 'String',
       length: 64,
       not_null: true,
       unique: true,
       primary_key: true },
     { name: 'senderId',
       type: 'String',
       length: 50,
       not_null: true,
       index: true },
     { name: 'recipientId',
       type: 'String',
       length: 50,
       not_null: true,
       index: true },
     { name: 'currency',
       type: 'String',
       length: 30,
       not_null: true,
       index: true },
     { name: 'amount', type: 'String', length: 50, not_null: true } ],
  type: 'create' }
2020-09-12T23:51:46+0530 <info> shovel2.js:1 () loading model variable.js
2020-09-12T23:51:46+0530 <debug> orm.js:1 (e.value) sync schema { table: 'variables',
  tableFields: 
   [ { name: 'key',
       type: 'String',
       length: 256,
       not_null: true,
       primary_key: true },
     { name: 'value', type: 'String', length: 256, not_null: true } ],
  type: 'create' }
2020-09-12T23:51:46+0530 <info> shovel2.js:1 () loading model activity.js
2020-09-12T23:51:46+0530 <debug> orm.js:1 (e.value) sync schema { name: 'activitys',
  fields: 
   [ { name: 'activityMessage', type: 'String', length: 255 },
     { name: 'pid', type: 'String', length: 255 },
     { name: 'timestampp', type: 'Number', length: 255 },
     { name: 'atype', type: 'String', length: 255 } ],
  type: 'create',
  tableFields: 
   [ { name: 'activityMessage', type: 'String', length: 255 },
     { name: 'pid', type: 'String', length: 255 },
     { name: 'timestampp', type: 'Number', length: 255 },
     { name: 'atype', type: 'String', length: 255 } ],
  table: 'activitys' }
2020-09-12T23:51:46+0530 <info> shovel2.js:1 () loading model authdept.js
2020-09-12T23:51:46+0530 <debug> orm.js:1 (e.value) sync schema { name: 'authdepts',
  fields: 
   [ { name: 'aid', type: 'String', length: 255 },
     { name: 'did', type: 'String', length: 255 },
     { name: 'level', type: 'Number', length: 255 },
     { name: 'deleted', type: 'String', length: 255 } ],
  type: 'create',
  tableFields: 
   [ { name: 'aid', type: 'String', length: 255 },
     { name: 'did', type: 'String', length: 255 },
     { name: 'level', type: 'Number', length: 255 },
     { name: 'deleted', type: 'String', length: 255 } ],
  table: 'authdepts' }
2020-09-12T23:51:46+0530 <info> shovel2.js:1 () loading model authorizer.js
2020-09-12T23:51:46+0530 <debug> orm.js:1 (e.value) sync schema { name: 'authorizers',
  fields: 
   [ { name: 'aid', type: 'String', length: 255, primary_key: true },
     { name: 'publickey', type: 'String', length: 255 },
     { name: 'email', type: 'String', length: 255 },
     { name: 'timestampp', type: 'Number', length: 255 },
     { name: 'deleted', type: 'String', length: 255 } ],
  type: 'create',
  tableFields: 
   [ { name: 'aid', type: 'String', length: 255, primary_key: true },
     { name: 'publickey', type: 'String', length: 255 },
     { name: 'email', type: 'String', length: 255 },
     { name: 'timestampp', type: 'Number', length: 255 },
     { name: 'deleted', type: 'String', length: 255 } ],
  table: 'authorizers' }
2020-09-12T23:51:46+0530 <info> shovel2.js:1 () loading model cs.js
2020-09-12T23:51:46+0530 <debug> orm.js:1 (e.value) sync schema { name: 'css',
  fields: 
   [ { name: 'pid', type: 'String', length: 255 },
     { name: 'aid', type: 'String', length: 255 },
     { name: 'sign', type: 'String', length: 255 },
     { name: 'publickey', type: 'String', length: 255 },
     { name: 'timestampp', type: 'Number', length: 255 },
     { name: 'deleted', type: 'String', length: 255 } ],
  type: 'create',
  tableFields: 
   [ { name: 'pid', type: 'String', length: 255 },
     { name: 'aid', type: 'String', length: 255 },
     { name: 'sign', type: 'String', length: 255 },
     { name: 'publickey', type: 'String', length: 255 },
     { name: 'timestampp', type: 'Number', length: 255 },
     { name: 'deleted', type: 'String', length: 255 } ],
  table: 'css' }
2020-09-12T23:51:46+0530 <info> shovel2.js:1 () loading model customTemplate.js
2020-09-12T23:51:46+0530 <debug> orm.js:1 (e.value) sync schema { name: 'customtemplates',
  fields: 
   [ { name: 'pid', type: 'String', length: 255 },
     { name: 'orderid', type: 'String', length: 255 } ],
  type: 'create',
  tableFields: 
   [ { name: 'pid', type: 'String', length: 255 },
     { name: 'orderid', type: 'String', length: 255 } ],
  table: 'customtemplates' }
2020-09-12T23:51:46+0530 <info> shovel2.js:1 () loading model customtemplate.js
2020-09-12T23:51:46+0530 <debug> orm.js:1 (e.value) sync schema { name: 'customtemplates',
  fields: 
   [ { name: 'id', type: 'String', length: 10000 },
     { name: 'template', type: 'String', length: 10000 } ],
  type: 'create',
  tableFields: 
   [ { name: 'id', type: 'String', length: 10000 },
     { name: 'template', type: 'String', length: 10000 } ],
  table: 'customtemplates' }
2020-09-12T23:51:46+0530 <info> shovel2.js:1 () loading model department.js
2020-09-12T23:51:46+0530 <debug> orm.js:1 (e.value) sync schema { name: 'departments',
  fields: 
   [ { name: 'did', type: 'String', length: 255, primary_key: true },
     { name: 'name', type: 'String', length: 255 },
     { name: 'levels', type: 'Number', length: 255 } ],
  type: 'create',
  tableFields: 
   [ { name: 'did', type: 'String', length: 255, primary_key: true },
     { name: 'name', type: 'String', length: 255 },
     { name: 'levels', type: 'Number', length: 255 } ],
  table: 'departments' }
2020-09-12T23:51:46+0530 <info> shovel2.js:1 () loading model deplevel.js
2020-09-12T23:51:46+0530 <debug> orm.js:1 (e.value) sync schema { name: 'deplevels',
  fields: 
   [ { name: 'id', type: 'String', length: 255, primary_key: true },
     { name: 'department', type: 'String', length: 255 },
     { name: 'designation', type: 'String', length: 255 },
     { name: 'priority', type: 'Number', length: 255 } ],
  type: 'create',
  tableFields: 
   [ { name: 'id', type: 'String', length: 255, primary_key: true },
     { name: 'department', type: 'String', length: 255 },
     { name: 'designation', type: 'String', length: 255 },
     { name: 'priority', type: 'Number', length: 255 } ],
  table: 'deplevels' }
2020-09-12T23:51:46+0530 <info> shovel2.js:1 () loading model earning.js
2020-09-12T23:51:46+0530 <debug> orm.js:1 (e.value) sync schema { name: 'earnings',
  fields: 
   [ { name: 'paysliplink', type: 'String', length: 255 },
     { name: 'email', type: 'String', length: 255 },
     { name: 'ownerEarning', type: 'String', length: 255 },
     { name: 'adminEarning', type: 'String', length: 255 },
     { name: 'orderId', type: 'String', length: 255 },
     { name: 'timestampp', type: 'Number', length: 255 } ],
  type: 'create',
  tableFields: 
   [ { name: 'paysliplink', type: 'String', length: 255 },
     { name: 'email', type: 'String', length: 255 },
     { name: 'ownerEarning', type: 'String', length: 255 },
     { name: 'adminEarning', type: 'String', length: 255 },
     { name: 'orderId', type: 'String', length: 255 },
     { name: 'timestampp', type: 'Number', length: 255 } ],
  table: 'earnings' }
2020-09-12T23:51:46+0530 <info> shovel2.js:1 () loading model employee.js
2020-09-12T23:51:46+0530 <debug> orm.js:1 (e.value) sync schema { name: 'employees',
  fields: 
   [ { name: 'email', type: 'String', length: 255 },
     { name: 'empid', type: 'String', length: 255 },
     { name: 'name', type: 'String', length: 255 },
     { name: 'identity', type: 'String', length: 1000 },
     { name: 'iid', type: 'String', length: 1000 },
     { name: 'extra', type: 'String', length: 1000 },
     { name: 'walletAddress', type: 'String', length: 255 },
     { name: 'department', type: 'String', length: 255 },
     { name: 'timestamp', type: 'Number' },
     { name: 'deleted', type: 'String', length: 255 } ],
  type: 'create',
  tableFields: 
   [ { name: 'email', type: 'String', length: 255 },
     { name: 'empid', type: 'String', length: 255 },
     { name: 'name', type: 'String', length: 255 },
     { name: 'identity', type: 'String', length: 1000 },
     { name: 'iid', type: 'String', length: 1000 },
     { name: 'extra', type: 'String', length: 1000 },
     { name: 'walletAddress', type: 'String', length: 255 },
     { name: 'department', type: 'String', length: 255 },
     { name: 'timestamp', type: 'Number' },
     { name: 'deleted', type: 'String', length: 255 } ],
  table: 'employees' }
2020-09-12T23:51:46+0530 <info> shovel2.js:1 () loading model issudept.js
2020-09-12T23:51:46+0530 <debug> orm.js:1 (e.value) sync schema { name: 'issudepts',
  fields: 
   [ { name: 'iid', type: 'String', length: 255 },
     { name: 'did', type: 'String', length: 255 },
     { name: 'deleted', type: 'String', length: 255 } ],
  type: 'create',
  tableFields: 
   [ { name: 'iid', type: 'String', length: 255 },
     { name: 'did', type: 'String', length: 255 },
     { name: 'deleted', type: 'String', length: 255 } ],
  table: 'issudepts' }
2020-09-12T23:51:46+0530 <info> shovel2.js:1 () loading model issue.js
2020-09-12T23:51:46+0530 <debug> orm.js:1 (e.value) sync schema { name: 'issues',
  fields: 
   [ { name: 'pid', type: 'String', length: 255, primary_key: true },
     { name: 'iid', type: 'String', length: 255 },
     { name: 'hash', type: 'String', length: 255 },
     { name: 'sign', type: 'String', length: 255 },
     { name: 'publickey', type: 'String', length: 255 },
     { name: 'timestampp', type: 'Number', length: 255 },
     { name: 'status', type: 'String', length: 255 },
     { name: 'authLevel', type: 'Number', length: 255 },
     { name: 'empid', type: 'String', length: 255 },
     { name: 'transactionId', type: 'String', length: 255 },
     { name: 'did', type: 'String', length: 255 },
     { name: 'data', type: 'String', length: 255 } ],
  type: 'create',
  tableFields: 
   [ { name: 'pid', type: 'String', length: 255, primary_key: true },
     { name: 'iid', type: 'String', length: 255 },
     { name: 'hash', type: 'String', length: 255 },
     { name: 'sign', type: 'String', length: 255 },
     { name: 'publickey', type: 'String', length: 255 },
     { name: 'timestampp', type: 'Number', length: 255 },
     { name: 'status', type: 'String', length: 255 },
     { name: 'authLevel', type: 'Number', length: 255 },
     { name: 'empid', type: 'String', length: 255 },
     { name: 'transactionId', type: 'String', length: 255 },
     { name: 'did', type: 'String', length: 255 },
     { name: 'data', type: 'String', length: 255 } ],
  table: 'issues' }
2020-09-12T23:51:46+0530 <info> shovel2.js:1 () loading model issuelimit.js
2020-09-12T23:51:46+0530 <debug> orm.js:1 (e.value) sync schema { name: 'issuelimits',
  fields: 
   [ { name: 'name', type: 'String', length: 255 },
     { name: 'value', type: 'Number', length: 255 },
     { name: 'expirydate', type: 'Number', length: 255 } ],
  type: 'create',
  tableFields: 
   [ { name: 'name', type: 'String', length: 255 },
     { name: 'value', type: 'Number', length: 255 },
     { name: 'expirydate', type: 'Number', length: 255 } ],
  table: 'issuelimits' }
2020-09-12T23:51:46+0530 <info> shovel2.js:1 () loading model issuer.js
2020-09-12T23:51:46+0530 <debug> orm.js:1 (e.value) sync schema { name: 'issuers',
  fields: 
   [ { name: 'iid', type: 'String', length: 255, primary_key: true },
     { name: 'publickey', type: 'String', length: 255 },
     { name: 'email', type: 'String', length: 255 },
     { name: 'timestampp', type: 'Number', length: 255 },
     { name: 'deleted', type: 'String', length: 255 } ],
  type: 'create',
  tableFields: 
   [ { name: 'iid', type: 'String', length: 255, primary_key: true },
     { name: 'publickey', type: 'String', length: 255 },
     { name: 'email', type: 'String', length: 255 },
     { name: 'timestampp', type: 'Number', length: 255 },
     { name: 'deleted', type: 'String', length: 255 } ],
  table: 'issuers' }
2020-09-12T23:51:46+0530 <info> shovel2.js:1 () loading model payment.js
2020-09-12T23:51:46+0530 <debug> orm.js:1 (e.value) sync schema { name: 'payments',
  fields: 
   [ { name: 'pid', type: 'String', length: 255 },
     { name: 'orderid', type: 'String', length: 255 } ],
  type: 'create',
  tableFields: 
   [ { name: 'pid', type: 'String', length: 255 },
     { name: 'orderid', type: 'String', length: 255 } ],
  table: 'payments' }
2020-09-12T23:51:46+0530 <info> shovel2.js:1 () loading model paysliplink.js
2020-09-12T23:51:46+0530 <debug> orm.js:1 (e.value) sync schema { name: 'paysliplinks',
  fields: 
   [ { name: 'link', type: 'String', length: 255 },
     { name: 'payed', type: 'String', length: 255 },
     { name: 'validity', type: 'String', length: 255 } ],
  type: 'create',
  tableFields: 
   [ { name: 'link', type: 'String', length: 255 },
     { name: 'payed', type: 'String', length: 255 },
     { name: 'validity', type: 'String', length: 255 } ],
  table: 'paysliplinks' }
2020-09-12T23:51:46+0530 <info> shovel2.js:1 () loading model pendingemp.js
2020-09-12T23:51:46+0530 <debug> orm.js:1 (e.value) sync schema { name: 'pendingemps',
  fields: 
   [ { name: 'email', type: 'String', length: 255 },
     { name: 'empid', type: 'String', length: 255 },
     { name: 'name', type: 'String', length: 255 },
     { name: 'identity', type: 'String', length: 1000 },
     { name: 'iid', type: 'String', length: 1000 },
     { name: 'extra', type: 'String', length: 1000 },
     { name: 'token', type: 'String', length: 255 },
     { name: 'department', type: 'String', length: 255 },
     { name: 'timestamp', type: 'Number' } ],
  type: 'create',
  tableFields: 
   [ { name: 'email', type: 'String', length: 255 },
     { name: 'empid', type: 'String', length: 255 },
     { name: 'name', type: 'String', length: 255 },
     { name: 'identity', type: 'String', length: 1000 },
     { name: 'iid', type: 'String', length: 1000 },
     { name: 'extra', type: 'String', length: 1000 },
     { name: 'token', type: 'String', length: 255 },
     { name: 'department', type: 'String', length: 255 },
     { name: 'timestamp', type: 'Number' } ],
  table: 'pendingemps' }
2020-09-12T23:51:46+0530 <info> shovel2.js:1 () loading model rejected.js
2020-09-12T23:51:46+0530 <debug> orm.js:1 (e.value) sync schema { name: 'rejecteds',
  fields: 
   [ { name: 'pid', type: 'String', length: 255 },
     { name: 'aid', type: 'String', length: 255 },
     { name: 'iid', type: 'String', length: 255 },
     { name: 'reason', type: 'String', length: 255 },
     { name: 'timestampp', type: 'Number', length: 255 } ],
  type: 'create',
  tableFields: 
   [ { name: 'pid', type: 'String', length: 255 },
     { name: 'aid', type: 'String', length: 255 },
     { name: 'iid', type: 'String', length: 255 },
     { name: 'reason', type: 'String', length: 255 },
     { name: 'timestampp', type: 'Number', length: 255 } ],
  table: 'rejecteds' }
2020-09-12T23:51:46+0530 <info> shovel2.js:1 () loading model requester.js
2020-09-12T23:51:46+0530 <debug> orm.js:1 (e.value) sync schema { name: 'requesters',
  fields: 
   [ { name: 'assetId', type: 'String', length: 255 },
     { name: 'requesterWalletAddress', type: 'String', length: 255 },
     { name: 'ownerWalletAddress', type: 'String', length: 255 },
     { name: 'issuerWalletAddress', type: 'String', length: 255 },
     { name: 'ownerStatus', type: 'Boolean', default: false },
     { name: 'issuerStatus', type: 'Boolean', default: false },
     { name: 'trsId', type: 'String', length: 255 } ],
  type: 'create',
  tableFields: 
   [ { name: 'assetId', type: 'String', length: 255 },
     { name: 'requesterWalletAddress', type: 'String', length: 255 },
     { name: 'ownerWalletAddress', type: 'String', length: 255 },
     { name: 'issuerWalletAddress', type: 'String', length: 255 },
     { name: 'ownerStatus', type: 'Boolean', default: false },
     { name: 'issuerStatus', type: 'Boolean', default: false },
     { name: 'trsId', type: 'String', length: 255 } ],
  table: 'requesters' }
2020-09-12T23:51:46+0530 <info> shovel2.js:1 () loading model setting.js
2020-09-12T23:51:46+0530 <debug> orm.js:1 (e.value) sync schema { name: 'settings',
  fields: 
   [ { name: 'id', type: 'String', length: 255 },
     { name: 'fields', type: 'String', length: 255 },
     { name: 'identity', type: 'String', length: 255 } ],
  type: 'create',
  tableFields: 
   [ { name: 'id', type: 'String', length: 255 },
     { name: 'fields', type: 'String', length: 255 },
     { name: 'identity', type: 'String', length: 255 } ],
  table: 'settings' }
2020-09-12T23:51:46+0530 <info> shovel2.js:1 () loading model template.js
2020-09-12T23:51:46+0530 <debug> orm.js:1 (e.value) sync schema { name: 'templates',
  fields: 
   [ { name: 'pid', type: 'String', length: 255 },
     { name: 'template', type: 'String', length: 10000000 } ],
  type: 'create',
  tableFields: 
   [ { name: 'pid', type: 'String', length: 255 },
     { name: 'template', type: 'String', length: 10000000 } ],
  table: 'templates' }
2020-09-12T23:51:46+0530 <info> shovel2.js:1 () loading model testing.js
2020-09-12T23:51:46+0530 <debug> orm.js:1 (e.value) sync schema { name: 'testings',
  fields: 
   [ { name: 'test', type: 'String', length: 255 },
     { name: 'value', type: 'String', length: 255 } ],
  type: 'create',
  tableFields: 
   [ { name: 'test', type: 'String', length: 255 },
     { name: 'value', type: 'String', length: 255 } ],
  table: 'testings' }
2020-09-12T23:51:46+0530 <info> shovel2.js:1 () loading model transactiondetail.js
2020-09-12T23:51:46+0530 <debug> orm.js:1 (e.value) sync schema { name: 'transactiondetails',
  fields: 
   [ { name: 'transactionId', type: 'String', length: 255 },
     { name: 'balance', type: 'String', length: 255 } ],
  type: 'create',
  tableFields: 
   [ { name: 'transactionId', type: 'String', length: 255 },
     { name: 'balance', type: 'String', length: 255 } ],
  table: 'transactiondetails' }
2020-09-12T23:51:46+0530 <info> shovel2.js:1 () loading contract core.js
2020-09-12T23:51:46+0530 <info> shovel2.js:1 () loading contract index.js
2020-09-12T23:51:46+0530 <info> shovel2.js:1 () loading contract domain.js
2020-09-12T23:51:46+0530 <info> shovel2.js:1 () loading contract issuer.js
2020-09-12T23:51:46+0530 <info> shovel2.js:1 () loading contract owner.js
2020-09-12T23:51:46+0530 <info> shovel2.js:1 () loading contract payroll.js
2020-09-12T23:51:50+0530 <info> shovel2.js:1 () loading contract register.js
2020-09-12T23:51:50+0530 <info> shovel2.js:1 () loading contract requester.js
2020-09-12T23:51:50+0530 <info> shovel2.js:1 () loading contract temp.js
2020-09-12T23:51:50+0530 <info> shovel2.js:1 () loading interface basic.js
2020-09-12T23:51:50+0530 <info> shovel2.js:1 () loading interface authController.js
2020-09-12T23:51:50+0530 <info> shovel2.js:1 () loading interface belfricsAdmin.js
2020-09-12T23:51:50+0530 <info> shovel2.js:1 () loading interface certsIssued.js
2020-09-12T23:51:50+0530 <info> shovel2.js:1 () loading interface contractcalls.js
2020-09-12T23:51:50+0530 <info> shovel2.js:1 () loading interface domain.js
2020-09-12T23:51:50+0530 <info> shovel2.js:1 () loading interface getter.js
2020-09-12T23:51:51+0530 <info> shovel2.js:1 () loading interface groups.js
2020-09-12T23:51:51+0530 <info> shovel2.js:1 () loading interface issuer.js
2020-09-12T23:51:51+0530 <info> shovel2.js:1 () loading interface owner.js
2020-09-12T23:51:51+0530 <info> shovel2.js:1 () loading interface populate.js
2020-09-12T23:51:51+0530 <info> shovel2.js:1 () loading interface queries.js
2020-09-12T23:51:51+0530 <info> shovel2.js:1 () loading interface register.js
2020-09-12T23:51:51+0530 <info> shovel2.js:1 () loading interface registrations.js
2020-09-12T23:51:51+0530 <info> shovel2.js:1 () loading interface requester.js
2020-09-12T23:51:51+0530 <info> shovel2.js:1 () loading interface testing.js
2020-09-12T23:51:51+0530 <debug> orm.js:1 (e.<anonymous>) Model#findAll select "balances"."address", "balances"."currency", "balances"."balance" from "balances" where "balances"."_deleted_" = 0;
2020-09-12T23:51:51+0530 <debug> orm.js:1 (e.<anonymous>) Model#findAll select "variables"."key", "variables"."value" from "variables" where "variables"."_deleted_" = 0;
2020-09-12T23:51:51+0530 <debug> orm.js:1 (e.<anonymous>) Model#findAll select "round_fees"."round", "round_fees"."currency", "round_fees"."amount" from "round_fees" where "round_fees"."_deleted_" = 0;
2020-09-12T23:51:52+0530 <info> round.js:319 (Function.Round.onBind) Forging enable on account: AN1yKK47P3MtD5ZgHYoncGQ1gCn4p2vGAC
2020-09-12T23:51:52+0530 <info> round.js:319 (Function.Round.onBind) Forging enable on account: AGeeCmSVLDNbtMqqpJchQZakchwzpuje1P
2020-09-12T23:51:52+0530 <info> round.js:319 (Function.Round.onBind) Forging enable on account: A7NWaYUkpa543hdTsfw57AoZAgCBr2NFY6
2020-09-12T23:51:52+0530 <info> round.js:319 (Function.Round.onBind) Forging enable on account: ABU1G2pQFMGa7c1GiAPYCQuUhiPHdvCSB2
2020-09-12T23:51:52+0530 <info> round.js:319 (Function.Round.onBind) Forging enable on account: AG1A3ojeLAMZySaZWTkg49jcoVCV7FCKXF
2020-09-12T23:51:52+0530 <info> index.js:1 (Sandbox.<anonymous>) Initialize complete
2020-09-12T23:51:52+0530 <info> blocks.js:846 (Function.<anonymous>) app.meta { name: 'certificat2',
  description: 'certificate2 dapp test',
  tags: '',
  link: 'http://localhost:8080/sendzip2/JaAsGpOy.zip',
  type: 0,
  category: 1,
  icon: 'http://o7dyh3w0x.bkt.clouddn.com/hello.png',
  delegates: 
   [ 'db18d5799944030f76b6ce0879b1ca4b0c2c1cee51f53ce9b43f78259950c2fd',
     '590e28d2964b0aa4d7c7b98faee4676d467606c6761f7f41f99c52bb4813b5e4',
     'bfe511158d674c3a1e21111223a49770bee93611d998e88a5d2ea3145de2b68b',
     '7bbf62931cf3c596591a580212631aff51d6bc0577c54769953caadb23f6ab00',
     '452df9213aedb3b9fed6db3e2ea9f49d3db226e2dac01828bc3dcd73b7a953b4' ],
  unlockDelegates: 3,
  transactionId: 'd009aab18401b94b8628d27bf7584004d4857b55e14bf1f6c4becf83fa92efc6' }
